INFO: latexindent version 3.6, 2019-05-05, a script to indent .tex files
      latexindent lives here: /usr/local/texlive/2019/texmf-dist/scripts/latexindent/
      Mon Nov  2 16:41:37 2020
      Reading input from STDIN
INFO: Processing switches:
INFO: Directory for backup files and indent.log: .
INFO: YAML settings read: defaultSettings.yaml
      Reading defaultSettings.yaml from /usr/local/texlive/2019/texmf-dist/scripts/latexindent/defaultSettings.yaml
INFO: YAML settings read: indentconfig.yaml or .indentconfig.yaml
      Home directory is /Users/xiefangzhou (didn't find either indentconfig.yaml or .indentconfig.yaml)
      To specify user settings you would put indentconfig.yaml here: /Users/xiefangzhou/indentconfig.yaml
      Alternatively, you can use the hidden file .indentconfig.yaml as: /Users/xiefangzhou/.indentconfig.yaml
INFO: Phase 1: searching for objects
INFO: Phase 2: finding surrounding indentation
INFO: Phase 3: indenting objects
INFO: Phase 4: final indentation check
INFO: Output routine:
      Not outputting to file; see -w and -o switches for more options.
      --------------
INFO: Please direct all communication/issues to:
      https://github.com/cmhughes/latexindent.pl
